<?xml version="1.0" encoding="UTF-8"?>
<!-- Generated by org.testng.reporters.JUnitReportReporter -->
<testsuite skipped="0" hostname="LTIN187545" name="TestDemo.ToolsQaTests" tests="1" failures="0" timestamp="24 Aug 2021 10:47:56 GMT" time="6.019" errors="0">
  <testcase name="addNewRecordandVerify" time="6.019" classname="TestDemo.ToolsQaTests"/>
</testsuite> <!-- TestDemo.ToolsQaTests -->
